{"C:\\Users\\rkais\\code\\evaluate-news-npl\\src\\client\\js\\formHandler.js": {"path":"C:\\Users\\rkais\\code\\evaluate-news-npl\\src\\client\\js\\formHandler.js","statementMap":{"0":{"start":{"line":4,"column":17},"end":{"line":20,"column":1}},"1":{"start":{"line":5,"column":17},"end":{"line":13,"column":6}},"2":{"start":{"line":14,"column":4},"end":{"line":19,"column":5}},"3":{"start":{"line":15,"column":24},"end":{"line":15,"column":41}},"4":{"start":{"line":16,"column":8},"end":{"line":16,"column":23}},"5":{"start":{"line":18,"column":8},"end":{"line":18,"column":36}},"6":{"start":{"line":23,"column":4},"end":{"line":23,"column":26}},"7":{"start":{"line":25,"column":18},"end":{"line":25,"column":59}},"8":{"start":{"line":27,"column":4},"end":{"line":34,"column":5}},"9":{"start":{"line":28,"column":8},"end":{"line":31,"column":11}},"10":{"start":{"line":30,"column":12},"end":{"line":30,"column":23}},"11":{"start":{"line":33,"column":8},"end":{"line":33,"column":43}},"12":{"start":{"line":38,"column":17},"end":{"line":52,"column":1}},"13":{"start":{"line":39,"column":16},"end":{"line":39,"column":49}},"14":{"start":{"line":40,"column":16},"end":{"line":40,"column":33}},"15":{"start":{"line":41,"column":4},"end":{"line":51,"column":5}},"16":{"start":{"line":42,"column":21},"end":{"line":42,"column":37}},"17":{"start":{"line":43,"column":8},"end":{"line":43,"column":94}},"18":{"start":{"line":44,"column":8},"end":{"line":44,"column":104}},"19":{"start":{"line":45,"column":8},"end":{"line":45,"column":116}},"20":{"start":{"line":46,"column":8},"end":{"line":46,"column":88}},"21":{"start":{"line":47,"column":8},"end":{"line":47,"column":91}},"22":{"start":{"line":50,"column":8},"end":{"line":50,"column":36}},"23":{"start":{"line":57,"column":4},"end":{"line":76,"column":5}},"24":{"start":{"line":59,"column":12},"end":{"line":59,"column":101}},"25":{"start":{"line":60,"column":12},"end":{"line":60,"column":18}},"26":{"start":{"line":62,"column":12},"end":{"line":62,"column":94}},"27":{"start":{"line":63,"column":12},"end":{"line":63,"column":18}},"28":{"start":{"line":65,"column":12},"end":{"line":65,"column":93}},"29":{"start":{"line":66,"column":12},"end":{"line":66,"column":18}},"30":{"start":{"line":68,"column":12},"end":{"line":68,"column":94}},"31":{"start":{"line":69,"column":12},"end":{"line":69,"column":18}},"32":{"start":{"line":71,"column":12},"end":{"line":71,"column":101}},"33":{"start":{"line":72,"column":12},"end":{"line":72,"column":18}},"34":{"start":{"line":74,"column":12},"end":{"line":74,"column":111}},"35":{"start":{"line":75,"column":12},"end":{"line":75,"column":18}},"36":{"start":{"line":77,"column":4},"end":{"line":77,"column":20}},"37":{"start":{"line":83,"column":4},"end":{"line":90,"column":5}},"38":{"start":{"line":85,"column":12},"end":{"line":85,"column":80}},"39":{"start":{"line":86,"column":12},"end":{"line":86,"column":18}},"40":{"start":{"line":88,"column":12},"end":{"line":88,"column":100}},"41":{"start":{"line":89,"column":12},"end":{"line":89,"column":18}},"42":{"start":{"line":91,"column":4},"end":{"line":91,"column":17}},"43":{"start":{"line":97,"column":4},"end":{"line":104,"column":5}},"44":{"start":{"line":99,"column":12},"end":{"line":99,"column":81}},"45":{"start":{"line":100,"column":12},"end":{"line":100,"column":18}},"46":{"start":{"line":102,"column":12},"end":{"line":102,"column":67}},"47":{"start":{"line":103,"column":12},"end":{"line":103,"column":18}},"48":{"start":{"line":105,"column":4},"end":{"line":105,"column":19}},"49":{"start":{"line":111,"column":4},"end":{"line":118,"column":5}},"50":{"start":{"line":113,"column":12},"end":{"line":113,"column":69}},"51":{"start":{"line":114,"column":12},"end":{"line":114,"column":18}},"52":{"start":{"line":116,"column":12},"end":{"line":116,"column":56}},"53":{"start":{"line":117,"column":12},"end":{"line":117,"column":18}},"54":{"start":{"line":119,"column":4},"end":{"line":119,"column":16}}},"fnMap":{"0":{"name":"(anonymous_0)","decl":{"start":{"line":4,"column":17},"end":{"line":4,"column":18}},"loc":{"start":{"line":4,"column":43},"end":{"line":20,"column":1}},"line":4},"1":{"name":"handleSubmit","decl":{"start":{"line":22,"column":15},"end":{"line":22,"column":27}},"loc":{"start":{"line":22,"column":35},"end":{"line":35,"column":1}},"line":22},"2":{"name":"(anonymous_2)","decl":{"start":{"line":29,"column":14},"end":{"line":29,"column":15}},"loc":{"start":{"line":29,"column":32},"end":{"line":31,"column":9}},"line":29},"3":{"name":"(anonymous_3)","decl":{"start":{"line":38,"column":17},"end":{"line":38,"column":18}},"loc":{"start":{"line":38,"column":27},"end":{"line":52,"column":1}},"line":38},"4":{"name":"checkPolarity","decl":{"start":{"line":55,"column":9},"end":{"line":55,"column":22}},"loc":{"start":{"line":55,"column":29},"end":{"line":78,"column":1}},"line":55},"5":{"name":"checkAgreement","decl":{"start":{"line":81,"column":9},"end":{"line":81,"column":23}},"loc":{"start":{"line":81,"column":34},"end":{"line":92,"column":1}},"line":81},"6":{"name":"checkSubjectivity","decl":{"start":{"line":95,"column":9},"end":{"line":95,"column":26}},"loc":{"start":{"line":95,"column":40},"end":{"line":106,"column":1}},"line":95},"7":{"name":"checkIrony","decl":{"start":{"line":109,"column":9},"end":{"line":109,"column":19}},"loc":{"start":{"line":109,"column":26},"end":{"line":120,"column":1}},"line":109}},"branchMap":{"0":{"loc":{"start":{"line":4,"column":29},"end":{"line":4,"column":38}},"type":"default-arg","locations":[{"start":{"line":4,"column":36},"end":{"line":4,"column":38}}],"line":4},"1":{"loc":{"start":{"line":27,"column":4},"end":{"line":34,"column":5}},"type":"if","locations":[{"start":{"line":27,"column":4},"end":{"line":34,"column":5}},{"start":{"line":27,"column":4},"end":{"line":34,"column":5}}],"line":27},"2":{"loc":{"start":{"line":57,"column":4},"end":{"line":76,"column":5}},"type":"switch","locations":[{"start":{"line":58,"column":8},"end":{"line":60,"column":18}},{"start":{"line":61,"column":8},"end":{"line":63,"column":18}},{"start":{"line":64,"column":8},"end":{"line":66,"column":18}},{"start":{"line":67,"column":8},"end":{"line":69,"column":18}},{"start":{"line":70,"column":8},"end":{"line":72,"column":18}},{"start":{"line":73,"column":8},"end":{"line":75,"column":18}}],"line":57},"3":{"loc":{"start":{"line":83,"column":4},"end":{"line":90,"column":5}},"type":"switch","locations":[{"start":{"line":84,"column":8},"end":{"line":86,"column":18}},{"start":{"line":87,"column":8},"end":{"line":89,"column":18}}],"line":83},"4":{"loc":{"start":{"line":97,"column":4},"end":{"line":104,"column":5}},"type":"switch","locations":[{"start":{"line":98,"column":8},"end":{"line":100,"column":18}},{"start":{"line":101,"column":8},"end":{"line":103,"column":18}}],"line":97},"5":{"loc":{"start":{"line":111,"column":4},"end":{"line":118,"column":5}},"type":"switch","locations":[{"start":{"line":112,"column":8},"end":{"line":114,"column":18}},{"start":{"line":115,"column":8},"end":{"line":117,"column":18}}],"line":111}},"s":{"0":1,"1":0,"2":0,"3":0,"4":0,"5":0,"6":0,"7":0,"8":0,"9":0,"10":0,"11":0,"12":1,"13":0,"14":0,"15":0,"16":0,"17":0,"18":0,"19":0,"20":0,"21":0,"22":0,"23":0,"24":0,"25":0,"26":0,"27":0,"28":0,"29":0,"30":0,"31":0,"32":0,"33":0,"34":0,"35":0,"36":0,"37":2,"38":1,"39":1,"40":1,"41":1,"42":2,"43":2,"44":1,"45":1,"46":1,"47":1,"48":2,"49":0,"50":0,"51":0,"52":0,"53":0,"54":0},"f":{"0":0,"1":0,"2":0,"3":0,"4":0,"5":2,"6":2,"7":0},"b":{"0":[0],"1":[0,0],"2":[0,0,0,0,0,0],"3":[1,1],"4":[1,1],"5":[0,0]},"_coverageSchema":"1a1c01bbd47fc00a2c39e90264f33305004495a9","hash":"31c46683ab350b5a166c049330e312911562a9ca"}
,"C:\\Users\\rkais\\code\\evaluate-news-npl\\src\\client\\js\\urlChecker.js": {"path":"C:\\Users\\rkais\\code\\evaluate-news-npl\\src\\client\\js\\urlChecker.js","statementMap":{"0":{"start":{"line":2,"column":16},"end":{"line":2,"column":101}},"1":{"start":{"line":3,"column":4},"end":{"line":7,"column":5}},"2":{"start":{"line":4,"column":8},"end":{"line":4,"column":17}},"3":{"start":{"line":6,"column":8},"end":{"line":6,"column":17}}},"fnMap":{"0":{"name":"checkForUrl","decl":{"start":{"line":1,"column":9},"end":{"line":1,"column":20}},"loc":{"start":{"line":1,"column":32},"end":{"line":8,"column":1}},"line":1}},"branchMap":{"0":{"loc":{"start":{"line":3,"column":4},"end":{"line":7,"column":5}},"type":"if","locations":[{"start":{"line":3,"column":4},"end":{"line":7,"column":5}},{"start":{"line":3,"column":4},"end":{"line":7,"column":5}}],"line":3}},"s":{"0":2,"1":2,"2":1,"3":1},"f":{"0":2},"b":{"0":[1,1]},"_coverageSchema":"1a1c01bbd47fc00a2c39e90264f33305004495a9","hash":"1a528c793151f364aa2e18d9dd7b5114031ea3f8"}
}
