TN:
SF:src\client\js\formHandler.js
FN:4,(anonymous_0)
FN:22,handleSubmit
FN:29,(anonymous_2)
FN:38,(anonymous_3)
FN:55,checkPolarity
FN:81,checkAgreement
FN:95,checkSubjectivity
FN:109,checkIrony
FNF:8
FNH:2
FNDA:0,(anonymous_0)
FNDA:0,handleSubmit
FNDA:0,(anonymous_2)
FNDA:0,(anonymous_3)
FNDA:0,checkPolarity
FNDA:2,checkAgreement
FNDA:2,checkSubjectivity
FNDA:0,checkIrony
DA:4,1
DA:5,0
DA:14,0
DA:15,0
DA:16,0
DA:18,0
DA:23,0
DA:25,0
DA:27,0
DA:28,0
DA:30,0
DA:33,0
DA:38,1
DA:39,0
DA:40,0
DA:41,0
DA:42,0
DA:43,0
DA:44,0
DA:45,0
DA:46,0
DA:47,0
DA:50,0
DA:57,0
DA:59,0
DA:60,0
DA:62,0
DA:63,0
DA:65,0
DA:66,0
DA:68,0
DA:69,0
DA:71,0
DA:72,0
DA:74,0
DA:75,0
DA:77,0
DA:83,2
DA:85,1
DA:86,1
DA:88,1
DA:89,1
DA:91,2
DA:97,2
DA:99,1
DA:100,1
DA:102,1
DA:103,1
DA:105,2
DA:111,0
DA:113,0
DA:114,0
DA:116,0
DA:117,0
DA:119,0
LF:55
LH:14
BRDA:4,0,0,0
BRDA:27,1,0,0
BRDA:27,1,1,0
BRDA:57,2,0,0
BRDA:57,2,1,0
BRDA:57,2,2,0
BRDA:57,2,3,0
BRDA:57,2,4,0
BRDA:57,2,5,0
BRDA:83,3,0,1
BRDA:83,3,1,1
BRDA:97,4,0,1
BRDA:97,4,1,1
BRDA:111,5,0,0
BRDA:111,5,1,0
BRF:15
BRH:4
end_of_record
TN:
SF:src\client\js\urlChecker.js
FN:1,checkForUrl
FNF:1
FNH:1
FNDA:2,checkForUrl
DA:2,2
DA:3,2
DA:4,1
DA:6,1
LF:4
LH:4
BRDA:3,0,0,1
BRDA:3,0,1,1
BRF:2
BRH:2
end_of_record
